2018-11-01 21:19:56.107 [ main ] - [ DEBUG ] [ o.s.boot.devtools.settings.DevToolsSettings : 114 ] - Included patterns for restart : []
2018-11-01 21:19:56.111 [ main ] - [ DEBUG ] [ o.s.boot.devtools.settings.DevToolsSettings : 116 ] - Excluded patterns for restart : [/spring-boot-starter/target/classes/, /spring-boot-autoconfigure/target/classes/, /spring-boot-starter-[\w-]+/, /spring-boot/target/classes/, /spring-boot-actuator/target/classes/, /spring-boot-devtools/target/classes/]
2018-11-01 21:19:56.111 [ main ] - [ DEBUG ] [ o.s.boot.devtools.restart.ChangeableUrls : 61 ] - Matching URLs for reloading : [file:/G:/IdeaProjects/micro%20service-project/201811eureka-microservice-user/target/classes/]
2018-11-01 21:19:56.410 [ restartedMain ] - [ DEBUG ] [ o.springframework.boot.devtools.restart.Restarter : 172 ] - Creating new Restarter for thread Thread[main,5,main]
2018-11-01 21:19:56.411 [ restartedMain ] - [ DEBUG ] [ o.springframework.boot.devtools.restart.Restarter : 172 ] - Immediately restarting application
2018-11-01 21:19:56.411 [ restartedMain ] - [ DEBUG ] [ o.springframework.boot.devtools.restart.Restarter : 172 ] - Created RestartClassLoader org.springframework.boot.devtools.restart.classloader.RestartClassLoader@5f406e78
2018-11-01 21:19:56.411 [ restartedMain ] - [ DEBUG ] [ o.springframework.boot.devtools.restart.Restarter : 172 ] - Starting application com.microservice.eureka.eurekamicroserviceuser.MicroServiceUserApplication with URLs [file:/G:/IdeaProjects/micro%20service-project/201811eureka-microservice-user/target/classes/]
2018-11-01 21:19:56.413 [ restartedMain ] - [ DEBUG ] [ o.s.b.logging.ClasspathLoggingApplicationListener : 55 ] - Application failed to start with classpath: [file:/G:/IdeaProjects/micro%20service-project/201811eureka-microservice-user/target/classes/]
2018-11-01 21:19:56.416 [ restartedMain ] - [ ERROR ] [ org.springframework.boot.SpringApplication : 771 ] - Application startup failed
java.lang.IllegalStateException: Logback configuration error detected: 
ERROR in ch.qos.logback.core.joran.spi.Interpreter@14:19 - no applicable action for [Encoding], current ElementPath  is [[configuration][appender][Encoding]]
ERROR in ch.qos.logback.core.joran.spi.Interpreter@26:19 - no applicable action for [Encoding], current ElementPath  is [[configuration][appender][Encoding]]
	at org.springframework.boot.logging.logback.LogbackLoggingSystem.loadConfiguration(LogbackLoggingSystem.java:162)
	at org.springframework.boot.logging.logback.LogbackLoggingSystem.reinitialize(LogbackLoggingSystem.java:208)
	at org.springframework.boot.logging.AbstractLoggingSystem.initializeWithConventions(AbstractLoggingSystem.java:74)
	at org.springframework.boot.logging.AbstractLoggingSystem.initialize(AbstractLoggingSystem.java:59)
	at org.springframework.boot.logging.logback.LogbackLoggingSystem.initialize(LogbackLoggingSystem.java:115)
	at org.springframework.boot.logging.LoggingApplicationListener.initializeSystem(LoggingApplicationListener.java:303)
	at org.springframework.boot.logging.LoggingApplicationListener.initialize(LoggingApplicationListener.java:276)
	at org.springframework.boot.logging.LoggingApplicationListener.onApplicationEnvironmentPreparedEvent(LoggingApplicationListener.java:239)
	at org.springframework.boot.logging.LoggingApplicationListener.onApplicationEvent(LoggingApplicationListener.java:212)
	at org.springframework.context.event.SimpleApplicationEventMulticaster.doInvokeListener(SimpleApplicationEventMulticaster.java:172)
	at org.springframework.context.event.SimpleApplicationEventMulticaster.invokeListener(SimpleApplicationEventMulticaster.java:165)
	at org.springframework.context.event.SimpleApplicationEventMulticaster.multicastEvent(SimpleApplicationEventMulticaster.java:139)
	at org.springframework.context.event.SimpleApplicationEventMulticaster.multicastEvent(SimpleApplicationEventMulticaster.java:122)
	at org.springframework.boot.context.event.EventPublishingRunListener.environmentPrepared(EventPublishingRunListener.java:74)
	at org.springframework.boot.SpringApplicationRunListeners.environmentPrepared(SpringApplicationRunListeners.java:54)
	at org.springframework.boot.SpringApplication.prepareEnvironment(SpringApplication.java:325)
	at org.springframework.boot.SpringApplication.run(SpringApplication.java:296)
	at org.springframework.boot.SpringApplication.run(SpringApplication.java:1118)
	at org.springframework.boot.SpringApplication.run(SpringApplication.java:1107)
	at com.microservice.eureka.eurekamicroserviceuser.MicroServiceUserApplication.main(MicroServiceUserApplication.java:14)
	at sun.reflect.NativeMethodAccessorImpl.invoke0(Native Method)
	at sun.reflect.NativeMethodAccessorImpl.invoke(NativeMethodAccessorImpl.java:62)
	at sun.reflect.DelegatingMethodAccessorImpl.invoke(DelegatingMethodAccessorImpl.java:43)
	at java.lang.reflect.Method.invoke(Method.java:498)
	at org.springframework.boot.devtools.restart.RestartLauncher.run(RestartLauncher.java:49)
2018-11-01 21:22:19.163 [ main ] - [ DEBUG ] [ o.s.boot.devtools.settings.DevToolsSettings : 114 ] - Included patterns for restart : []
2018-11-01 21:22:19.165 [ main ] - [ DEBUG ] [ o.s.boot.devtools.settings.DevToolsSettings : 116 ] - Excluded patterns for restart : [/spring-boot-starter/target/classes/, /spring-boot-autoconfigure/target/classes/, /spring-boot-starter-[\w-]+/, /spring-boot/target/classes/, /spring-boot-actuator/target/classes/, /spring-boot-devtools/target/classes/]
2018-11-01 21:22:19.166 [ main ] - [ DEBUG ] [ o.s.boot.devtools.restart.ChangeableUrls : 61 ] - Matching URLs for reloading : [file:/G:/IdeaProjects/micro%20service-project/201811eureka-microservice-user/target/classes/]
2018-11-01 21:22:19.385 [ restartedMain ] - [ DEBUG ] [ o.springframework.boot.devtools.restart.Restarter : 172 ] - Creating new Restarter for thread Thread[main,5,main]
2018-11-01 21:22:19.386 [ restartedMain ] - [ DEBUG ] [ o.springframework.boot.devtools.restart.Restarter : 172 ] - Immediately restarting application
2018-11-01 21:22:19.386 [ restartedMain ] - [ DEBUG ] [ o.springframework.boot.devtools.restart.Restarter : 172 ] - Created RestartClassLoader org.springframework.boot.devtools.restart.classloader.RestartClassLoader@58d23513
2018-11-01 21:22:19.386 [ restartedMain ] - [ DEBUG ] [ o.springframework.boot.devtools.restart.Restarter : 172 ] - Starting application com.microservice.eureka.eurekamicroserviceuser.MicroServiceUserApplication with URLs [file:/G:/IdeaProjects/micro%20service-project/201811eureka-microservice-user/target/classes/]
2018-11-01 21:22:19.387 [ restartedMain ] - [ DEBUG ] [ o.s.b.logging.ClasspathLoggingApplicationListener : 55 ] - Application failed to start with classpath: [file:/G:/IdeaProjects/micro%20service-project/201811eureka-microservice-user/target/classes/]
2018-11-01 21:22:19.391 [ restartedMain ] - [ ERROR ] [ org.springframework.boot.SpringApplication : 771 ] - Application startup failed
java.lang.IllegalStateException: Logback configuration error detected: 
ERROR in ch.qos.logback.core.joran.spi.Interpreter@14:19 - no applicable action for [Encoding], current ElementPath  is [[configuration][appender][Encoding]]
ERROR in ch.qos.logback.core.joran.spi.Interpreter@26:19 - no applicable action for [Encoding], current ElementPath  is [[configuration][appender][Encoding]]
	at org.springframework.boot.logging.logback.LogbackLoggingSystem.loadConfiguration(LogbackLoggingSystem.java:162)
	at org.springframework.boot.logging.logback.LogbackLoggingSystem.reinitialize(LogbackLoggingSystem.java:208)
	at org.springframework.boot.logging.AbstractLoggingSystem.initializeWithConventions(AbstractLoggingSystem.java:74)
	at org.springframework.boot.logging.AbstractLoggingSystem.initialize(AbstractLoggingSystem.java:59)
	at org.springframework.boot.logging.logback.LogbackLoggingSystem.initialize(LogbackLoggingSystem.java:115)
	at org.springframework.boot.logging.LoggingApplicationListener.initializeSystem(LoggingApplicationListener.java:303)
	at org.springframework.boot.logging.LoggingApplicationListener.initialize(LoggingApplicationListener.java:276)
	at org.springframework.boot.logging.LoggingApplicationListener.onApplicationEnvironmentPreparedEvent(LoggingApplicationListener.java:239)
	at org.springframework.boot.logging.LoggingApplicationListener.onApplicationEvent(LoggingApplicationListener.java:212)
	at org.springframework.context.event.SimpleApplicationEventMulticaster.doInvokeListener(SimpleApplicationEventMulticaster.java:172)
	at org.springframework.context.event.SimpleApplicationEventMulticaster.invokeListener(SimpleApplicationEventMulticaster.java:165)
	at org.springframework.context.event.SimpleApplicationEventMulticaster.multicastEvent(SimpleApplicationEventMulticaster.java:139)
	at org.springframework.context.event.SimpleApplicationEventMulticaster.multicastEvent(SimpleApplicationEventMulticaster.java:122)
	at org.springframework.boot.context.event.EventPublishingRunListener.environmentPrepared(EventPublishingRunListener.java:74)
	at org.springframework.boot.SpringApplicationRunListeners.environmentPrepared(SpringApplicationRunListeners.java:54)
	at org.springframework.boot.SpringApplication.prepareEnvironment(SpringApplication.java:325)
	at org.springframework.boot.SpringApplication.run(SpringApplication.java:296)
	at org.springframework.boot.SpringApplication.run(SpringApplication.java:1118)
	at org.springframework.boot.SpringApplication.run(SpringApplication.java:1107)
	at com.microservice.eureka.eurekamicroserviceuser.MicroServiceUserApplication.main(MicroServiceUserApplication.java:14)
	at sun.reflect.NativeMethodAccessorImpl.invoke0(Native Method)
	at sun.reflect.NativeMethodAccessorImpl.invoke(NativeMethodAccessorImpl.java:62)
	at sun.reflect.DelegatingMethodAccessorImpl.invoke(DelegatingMethodAccessorImpl.java:43)
	at java.lang.reflect.Method.invoke(Method.java:498)
	at org.springframework.boot.devtools.restart.RestartLauncher.run(RestartLauncher.java:49)
